19/01/14 11:55:41 WARN NativeCodeLoader: Unable to load native-hadoop library for your platform... using builtin-java classes where applicable
19/01/14 11:55:42 INFO SparkContext: Running Spark version 2.3.2
19/01/14 11:55:42 INFO SparkContext: Submitted application: sparklyr
19/01/14 11:55:42 INFO SecurityManager: Changing view acls to: malooney
19/01/14 11:55:42 INFO SecurityManager: Changing modify acls to: malooney
19/01/14 11:55:42 INFO SecurityManager: Changing view acls groups to: 
19/01/14 11:55:42 INFO SecurityManager: Changing modify acls groups to: 
19/01/14 11:55:42 INFO SecurityManager: SecurityManager: authentication disabled; ui acls disabled; users  with view permissions: Set(malooney); groups with view permissions: Set(); users  with modify permissions: Set(malooney); groups with modify permissions: Set()
19/01/14 11:55:42 INFO Utils: Successfully started service 'sparkDriver' on port 55535.
19/01/14 11:55:42 INFO SparkEnv: Registering MapOutputTracker
19/01/14 11:55:42 INFO SparkEnv: Registering BlockManagerMaster
19/01/14 11:55:42 INFO BlockManagerMasterEndpoint: Using org.apache.spark.storage.DefaultTopologyMapper for getting topology information
19/01/14 11:55:42 INFO BlockManagerMasterEndpoint: BlockManagerMasterEndpoint up
19/01/14 11:55:42 INFO DiskBlockManager: Created local directory at /private/var/folders/2b/j4qbc5qd0t3bttw9zbbv95q80000gn/T/blockmgr-1cace85d-fe79-447b-a9d4-ca05643125b1
19/01/14 11:55:42 INFO MemoryStore: MemoryStore started with capacity 366.3 MB
19/01/14 11:55:42 INFO SparkEnv: Registering OutputCommitCoordinator
19/01/14 11:55:42 INFO Utils: Successfully started service 'SparkUI' on port 4040.
19/01/14 11:55:43 INFO SparkUI: Bound SparkUI to 127.0.0.1, and started at http://localhost:4040
19/01/14 11:55:43 INFO SparkContext: Added JAR file:/Library/Frameworks/R.framework/Versions/3.5/Resources/library/sparklyr/java/sparklyr-2.3-2.11.jar at spark://localhost:55535/jars/sparklyr-2.3-2.11.jar with timestamp 1547488543059
19/01/14 11:55:43 INFO Executor: Starting executor ID driver on host localhost
19/01/14 11:55:43 INFO Utils: Successfully started service 'org.apache.spark.network.netty.NettyBlockTransferService' on port 55538.
19/01/14 11:55:43 INFO NettyBlockTransferService: Server created on localhost:55538
19/01/14 11:55:43 INFO BlockManager: Using org.apache.spark.storage.RandomBlockReplicationPolicy for block replication policy
19/01/14 11:55:43 INFO BlockManagerMaster: Registering BlockManager BlockManagerId(driver, localhost, 55538, None)
19/01/14 11:55:43 INFO BlockManagerMasterEndpoint: Registering block manager localhost:55538 with 366.3 MB RAM, BlockManagerId(driver, localhost, 55538, None)
19/01/14 11:55:43 INFO BlockManagerMaster: Registered BlockManager BlockManagerId(driver, localhost, 55538, None)
19/01/14 11:55:43 INFO BlockManager: Initialized BlockManager: BlockManagerId(driver, localhost, 55538, None)
19/01/14 11:55:43 WARN SparkContext: Using an existing SparkContext; some configuration may not take effect.
19/01/14 11:55:43 INFO SharedState: loading hive config file: file:/Users/malooney/spark/spark-2.3.2-bin-hadoop2.7/conf/hive-site.xml
19/01/14 11:55:43 INFO SharedState: Setting hive.metastore.warehouse.dir ('null') to the value of spark.sql.warehouse.dir ('file:/Users/malooney/Google%20Drive/digitalLibrary/*beerEthnicityConsumptionBrandChoice/beerEthnicityConsumptionBrandChoice/spark-warehouse').
19/01/14 11:55:43 INFO SharedState: Warehouse path is 'file:/Users/malooney/Google%20Drive/digitalLibrary/*beerEthnicityConsumptionBrandChoice/beerEthnicityConsumptionBrandChoice/spark-warehouse'.
19/01/14 11:55:44 INFO StateStoreCoordinatorRef: Registered StateStoreCoordinator endpoint
19/01/14 11:55:46 INFO CodeGenerator: Code generated in 182.656269 ms
19/01/14 12:28:21 INFO SparkContext: Invoking stop() from shutdown hook
19/01/14 12:28:21 INFO SparkUI: Stopped Spark web UI at http://localhost:4040
19/01/14 12:28:21 INFO MapOutputTrackerMasterEndpoint: MapOutputTrackerMasterEndpoint stopped!
19/01/14 12:28:21 INFO MemoryStore: MemoryStore cleared
19/01/14 12:28:21 INFO BlockManager: BlockManager stopped
19/01/14 12:28:21 INFO BlockManagerMaster: BlockManagerMaster stopped
19/01/14 12:28:21 INFO OutputCommitCoordinator$OutputCommitCoordinatorEndpoint: OutputCommitCoordinator stopped!
19/01/14 12:28:21 INFO SparkContext: Successfully stopped SparkContext
19/01/14 12:28:21 INFO ShutdownHookManager: Shutdown hook called
19/01/14 12:28:21 INFO ShutdownHookManager: Deleting directory /private/var/folders/2b/j4qbc5qd0t3bttw9zbbv95q80000gn/T/spark-00c94f96-5b81-4312-8368-292ddc5b7073
19/01/14 12:28:21 INFO ShutdownHookManager: Deleting directory /private/var/folders/2b/j4qbc5qd0t3bttw9zbbv95q80000gn/T/spark-1164872e-a249-4001-b17b-37baafb73ec0
19/01/14 12:29:16 WARN NativeCodeLoader: Unable to load native-hadoop library for your platform... using builtin-java classes where applicable
19/01/14 12:29:16 INFO SparkContext: Running Spark version 2.3.2
19/01/14 12:29:16 INFO SparkContext: Submitted application: sparklyr
19/01/14 12:29:16 INFO SecurityManager: Changing view acls to: malooney
19/01/14 12:29:16 INFO SecurityManager: Changing modify acls to: malooney
19/01/14 12:29:16 INFO SecurityManager: Changing view acls groups to: 
19/01/14 12:29:16 INFO SecurityManager: Changing modify acls groups to: 
19/01/14 12:29:16 INFO SecurityManager: SecurityManager: authentication disabled; ui acls disabled; users  with view permissions: Set(malooney); groups with view permissions: Set(); users  with modify permissions: Set(malooney); groups with modify permissions: Set()
19/01/14 12:29:16 INFO Utils: Successfully started service 'sparkDriver' on port 56411.
19/01/14 12:29:16 INFO SparkEnv: Registering MapOutputTracker
19/01/14 12:29:16 INFO SparkEnv: Registering BlockManagerMaster
19/01/14 12:29:16 INFO BlockManagerMasterEndpoint: Using org.apache.spark.storage.DefaultTopologyMapper for getting topology information
19/01/14 12:29:16 INFO BlockManagerMasterEndpoint: BlockManagerMasterEndpoint up
19/01/14 12:29:16 INFO DiskBlockManager: Created local directory at /private/var/folders/2b/j4qbc5qd0t3bttw9zbbv95q80000gn/T/blockmgr-b6930a10-00a0-4ce4-991a-a7c7a5138f8c
19/01/14 12:29:16 INFO MemoryStore: MemoryStore started with capacity 366.3 MB
19/01/14 12:29:16 INFO SparkEnv: Registering OutputCommitCoordinator
19/01/14 12:29:17 INFO Utils: Successfully started service 'SparkUI' on port 4040.
19/01/14 12:29:17 INFO SparkUI: Bound SparkUI to 127.0.0.1, and started at http://localhost:4040
19/01/14 12:29:17 INFO SparkContext: Added JAR file:/Library/Frameworks/R.framework/Versions/3.5/Resources/library/sparklyr/java/sparklyr-2.3-2.11.jar at spark://localhost:56411/jars/sparklyr-2.3-2.11.jar with timestamp 1547490557136
19/01/14 12:29:17 INFO Executor: Starting executor ID driver on host localhost
19/01/14 12:29:17 INFO Utils: Successfully started service 'org.apache.spark.network.netty.NettyBlockTransferService' on port 56412.
19/01/14 12:29:17 INFO NettyBlockTransferService: Server created on localhost:56412
19/01/14 12:29:17 INFO BlockManager: Using org.apache.spark.storage.RandomBlockReplicationPolicy for block replication policy
19/01/14 12:29:17 INFO BlockManagerMaster: Registering BlockManager BlockManagerId(driver, localhost, 56412, None)
19/01/14 12:29:17 INFO BlockManagerMasterEndpoint: Registering block manager localhost:56412 with 366.3 MB RAM, BlockManagerId(driver, localhost, 56412, None)
19/01/14 12:29:17 INFO BlockManagerMaster: Registered BlockManager BlockManagerId(driver, localhost, 56412, None)
19/01/14 12:29:17 INFO BlockManager: Initialized BlockManager: BlockManagerId(driver, localhost, 56412, None)
19/01/14 12:29:17 WARN SparkContext: Using an existing SparkContext; some configuration may not take effect.
19/01/14 12:29:17 INFO SharedState: loading hive config file: file:/Users/malooney/spark/spark-2.3.2-bin-hadoop2.7/conf/hive-site.xml
19/01/14 12:29:17 INFO SharedState: Setting hive.metastore.warehouse.dir ('null') to the value of spark.sql.warehouse.dir ('file:/Users/malooney/Google%20Drive/digitalLibrary/*beerEthnicityConsumptionBrandChoice/beerEthnicityConsumptionBrandChoice/spark-warehouse').
19/01/14 12:29:17 INFO SharedState: Warehouse path is 'file:/Users/malooney/Google%20Drive/digitalLibrary/*beerEthnicityConsumptionBrandChoice/beerEthnicityConsumptionBrandChoice/spark-warehouse'.
19/01/14 12:29:17 INFO StateStoreCoordinatorRef: Registered StateStoreCoordinator endpoint
19/01/14 12:29:19 INFO CodeGenerator: Code generated in 137.195326 ms
19/01/14 12:29:46 INFO SparkContext: Invoking stop() from shutdown hook
19/01/14 12:29:46 INFO SparkUI: Stopped Spark web UI at http://localhost:4040
19/01/14 12:29:46 INFO MapOutputTrackerMasterEndpoint: MapOutputTrackerMasterEndpoint stopped!
19/01/14 12:29:46 INFO MemoryStore: MemoryStore cleared
19/01/14 12:29:46 INFO BlockManager: BlockManager stopped
19/01/14 12:29:46 INFO BlockManagerMaster: BlockManagerMaster stopped
19/01/14 12:29:46 INFO OutputCommitCoordinator$OutputCommitCoordinatorEndpoint: OutputCommitCoordinator stopped!
19/01/14 12:29:46 INFO SparkContext: Successfully stopped SparkContext
19/01/14 12:29:46 INFO ShutdownHookManager: Shutdown hook called
19/01/14 12:29:46 INFO ShutdownHookManager: Deleting directory /private/var/folders/2b/j4qbc5qd0t3bttw9zbbv95q80000gn/T/spark-8715b2e4-7f0d-4c7c-9416-8e1a1092b79c
19/01/14 12:29:46 INFO ShutdownHookManager: Deleting directory /private/var/folders/2b/j4qbc5qd0t3bttw9zbbv95q80000gn/T/spark-502f749a-52a5-4f2f-b7ee-e3173271c302
