\BOOKMARK [1][-]{section*.2}{\376\377\000S\0001\000.\000b\000e\000e\000r\000\137\0002\0000\0001\0000\000D\000a\000t\000a\000C\000l\000e\000a\000n\000i\000n\000g\000\040\000-\000\040\000P\000r\000o\000c\000e\000s\000s\000\040\000r\000a\000w\000\040\000b\000e\000e\000r\000\040\000d\000a\000t\000a}{}% 1
\BOOKMARK [1][-]{section*.3}{\376\377\000S\0002\000.\000c\000o\000n\000s\000t\000r\000u\000c\000t\000\137\0002\0000\0001\0000\000m\000a\000r\000k\000e\000t\000D\000a\000t\000a\000\040\000-\000\040\000P\000a\000r\000t\000i\000t\000i\000o\000n\000\040\000t\000h\000e\000\040\000c\000l\000e\000a\000n\000e\000d\000\040\000d\000a\000t\000a\000\040\000b\000y\000\040\000c\000i\000t\000y}{}% 2
\BOOKMARK [1][-]{section*.4}{\376\377\000S\0003\000.\000e\000x\000p\000l\000o\000r\000e\000\137\0002\0000\0001\0000\000m\000a\000r\000k\000e\000t\000D\000a\000t\000a\000\040\000-\000\040\000E\000x\000p\000l\000o\000r\000e\000\040\000t\000h\000e\000\040\000c\000o\000m\000p\000l\000e\000t\000e\000n\000e\000s\000s\000\040\000o\000f\000\040\000t\000h\000e\000\040\000d\000a\000t\000a}{}% 3
\BOOKMARK [1][-]{section*.5}{\376\377\000S\0004\000.\000a\000l\000l\000B\000r\000a\000n\000d\000s\000\137\0002\0000\0001\0000\000a\000n\000a\000l\000y\000s\000i\000s\000\040\000-}{}% 4
\BOOKMARK [1][-]{section*.6}{\376\377\000S\0005\000.\000a\000g\000g\000r\000e\000g\000a\000t\000e\000\137\000a\000l\000l\000B\000r\000a\000n\000d\000s\000\137\0002\0000\0001\0000\000\040\000-}{}% 5
\BOOKMARK [2][-]{section*.7}{\376\377\000C\000i\000t\000y\000\040\000D\000a\000t\000a\000:}{section*.6}% 6
\BOOKMARK [3][-]{section*.8}{\376\377\000C\000H\000I\000C\000A\000G\000O}{section*.7}% 7
\BOOKMARK [3][-]{section*.9}{\376\377\000D\000A\000L\000L\000A\000S\000,\000\040\000T\000X}{section*.7}% 8
\BOOKMARK [3][-]{section*.10}{\376\377\000L\000O\000S\000\040\000A\000N\000G\000E\000L\000E\000S}{section*.7}% 9
\BOOKMARK [3][-]{section*.11}{\376\377\000S\000P\000O\000K\000A\000N\000E}{section*.7}% 10
\BOOKMARK [3][-]{section*.12}{\376\377\000S\000Y\000R\000A\000C\000U\000S\000E}{section*.7}% 11
\BOOKMARK [3][-]{section*.13}{\376\377\000H\000O\000U\000S\000T\000O\000N}{section*.7}% 12
\BOOKMARK [2][-]{section*.14}{\376\377\000P\000l\000o\000t\000s\000:}{section*.6}% 13
\BOOKMARK [3][-]{section*.15}{\376\377\000C\000H\000I\000C\000A\000G\000O}{section*.14}% 14
\BOOKMARK [3][-]{section*.16}{\376\377\000D\000A\000L\000L\000A\000S\000,\000\040\000T\000X}{section*.14}% 15
\BOOKMARK [3][-]{section*.17}{\376\377\000L\000O\000S\000\040\000A\000N\000G\000E\000L\000E\000S}{section*.14}% 16
\BOOKMARK [3][-]{section*.18}{\376\377\000S\000P\000O\000K\000A\000N\000E}{section*.14}% 17
\BOOKMARK [3][-]{section*.19}{\376\377\000S\000Y\000R\000A\000C\000U\000S\000E}{section*.14}% 18
\BOOKMARK [3][-]{section*.20}{\376\377\000H\000O\000U\000S\000T\000O\000N}{section*.14}% 19
\BOOKMARK [1][-]{section*.21}{\376\377\000S\0006\000.\000h\000i\000e\000r\000a\000r\000c\000h\000y\000T\000r\000e\000e\000\040\000-\000\040\000D\000a\000t\000a\000\040\000T\000r\000e\000e\000s}{}% 20
\BOOKMARK [2][-]{section*.22}{\376\377\000C\000i\000t\000y\000\040\000D\000a\000t\000a\000:}{section*.21}% 21
\BOOKMARK [3][-]{section*.23}{\376\377\000C\000H\000I\000C\000A\000G\000O}{section*.22}% 22
\BOOKMARK [3][-]{section*.24}{\376\377\000D\000A\000L\000L\000A\000S\000,\000\040\000T\000X}{section*.22}% 23
\BOOKMARK [3][-]{section*.25}{\376\377\000L\000O\000S\000\040\000A\000N\000G\000E\000L\000E\000S}{section*.22}% 24
\BOOKMARK [3][-]{section*.26}{\376\377\000S\000P\000O\000K\000A\000N\000E}{section*.22}% 25
\BOOKMARK [3][-]{section*.27}{\376\377\000S\000Y\000R\000A\000C\000U\000S\000E}{section*.22}% 26
\BOOKMARK [3][-]{section*.28}{\376\377\000H\000O\000U\000S\000T\000O\000N}{section*.22}% 27
